
> training-partner-app@0.1.0 start
> expo start --localhost --port 8081

Starting project at C:\Users\zhw\Documents\ејЂеЏ‘\training-partner-app
React Compiler enabled
Starting Metro Bundler

Waiting on http://localhost:8081
Logs for your project will appear below.
О» Bundling failed 4056ms node_modules\expo\node_modules\@expo\cli\node_modules\@expo\router-server\node\render.js (1128 modules)

Metro error: Unable to resolve module ./wa-sqlite/wa-sqlite.wasm from C:\Users\zhw\Documents\ејЂеЏ‘\training-partner-app\node_modules\expo-sqlite\web\worker.ts: 

None of these files exist:
  * node_modules\expo-sqlite\web\wa-sqlite\wa-sqlite.wasm(.web.ts|.ts|.web.tsx|.tsx|.web.js|.js|.web.jsx|.jsx|.web.json|.json|.web.cjs|.cjs|.web.mjs|.mjs|.web.scss|.scss|.web.sass|.sass|.web.css|.css)
  * node_modules\expo-sqlite\web\wa-sqlite\wa-sqlite.wasm
[0m [90m 20 |[39m [36mimport[39m [33mWaSQLiteFactory[39m [36mfrom[39m [32m'./wa-sqlite/wa-sqlite'[39m[33m;[39m
 [90m 21 |[39m [90m// @ts-expect-error wasm module is not typed[39m
[31m[1m>[22m[39m[90m 22 |[39m [36mimport[39m wasmModule [36mfrom[39m [32m'./wa-sqlite/wa-sqlite.wasm'[39m[33m;[39m
 [90m    |[39m                         [31m[1m^[22m[39m
 [90m 23 |[39m [36mimport[39m {
 [90m 24 |[39m   type [33mSQLiteWorkerMessage[39m[33m,[39m
 [90m 25 |[39m   type [33mSQLiteWorkerMessageType[39m[33m,[39m[0m

Import stack:

 node_modules\expo-sqlite\web\worker.ts
 | import "./wa-sqlite/wa-sqlite.wasm"

 node_modules\expo-sqlite\web\SQLiteModule.ts
 | import "./worker"

 node_modules\expo-sqlite\build\ExpoSQLite.web.js
 | import "../web/SQLiteModule"

 node_modules\expo-sqlite\build\SQLiteDatabase.js
 | import "./ExpoSQLite"

 node_modules\expo-sqlite\build\index.js
 | import "./SQLiteDatabase"

 src\data\local\db.ts
 | import "expo-sqlite"

 src\data\local\index.ts
 | import "./db"

 app\member\new.tsx
 | import "@/data/local"

 app (require.context)



Web Bundled 4108ms node_modules\expo-router\entry.js (1017 modules)
Web Bundled 93ms .expo\static-tmp\_error.js (1 module)
Web Bundled 1377ms node_modules\expo-router\entry.js (1 module)
О» Bundling failed 1733ms node_modules\expo\node_modules\@expo\cli\node_modules\@expo\router-server\node\render.js (1106 modules)

Metro error: Unable to resolve module ./wa-sqlite/wa-sqlite.wasm from C:\Users\zhw\Documents\ејЂеЏ‘\training-partner-app\node_modules\expo-sqlite\web\worker.ts: 

None of these files exist:
  * node_modules\expo-sqlite\web\wa-sqlite\wa-sqlite.wasm(.web.ts|.ts|.web.tsx|.tsx|.web.js|.js|.web.jsx|.jsx|.web.json|.json|.web.cjs|.cjs|.web.mjs|.mjs|.web.scss|.scss|.web.sass|.sass|.web.css|.css)
  * node_modules\expo-sqlite\web\wa-sqlite\wa-sqlite.wasm
[0m [90m 20 |[39m [36mimport[39m [33mWaSQLiteFactory[39m [36mfrom[39m [32m'./wa-sqlite/wa-sqlite'[39m[33m;[39m
 [90m 21 |[39m [90m// @ts-expect-error wasm module is not typed[39m
[31m[1m>[22m[39m[90m 22 |[39m [36mimport[39m wasmModule [36mfrom[39m [32m'./wa-sqlite/wa-sqlite.wasm'[39m[33m;[39m
 [90m    |[39m                         [31m[1m^[22m[39m
 [90m 23 |[39m [36mimport[39m {
 [90m 24 |[39m   type [33mSQLiteWorkerMessage[39m[33m,[39m
 [90m 25 |[39m   type [33mSQLiteWorkerMessageType[39m[33m,[39m[0m

Import stack:

 node_modules\expo-sqlite\web\worker.ts
 | import "./wa-sqlite/wa-sqlite.wasm"

 node_modules\expo-sqlite\web\SQLiteModule.ts
 | import "./worker"

 node_modules\expo-sqlite\build\ExpoSQLite.web.js
 | import "../web/SQLiteModule"

 node_modules\expo-sqlite\build\SQLiteDatabase.js
 | import "./ExpoSQLite"

 node_modules\expo-sqlite\build\index.js
 | import "./SQLiteDatabase"

 src\data\local\db.ts
 | import "expo-sqlite"

 src\data\local\index.ts
 | import "./db"

 app\_layout.tsx
 | import "@/data/local"

 app (require.context)



Web Bundled 74ms .expo\static-tmp\_error.js (1 module)
Web Bundled 680ms node_modules\expo-router\entry.js (1 module)
О» Bundling failed 1380ms node_modules\expo\node_modules\@expo\cli\node_modules\@expo\router-server\node\render.js (1127 modules)

Metro error: Unable to resolve module ./wa-sqlite/wa-sqlite.wasm from C:\Users\zhw\Documents\ејЂеЏ‘\training-partner-app\node_modules\expo-sqlite\web\worker.ts: 

None of these files exist:
  * node_modules\expo-sqlite\web\wa-sqlite\wa-sqlite.wasm(.web.ts|.ts|.web.tsx|.tsx|.web.js|.js|.web.jsx|.jsx|.web.json|.json|.web.cjs|.cjs|.web.mjs|.mjs|.web.scss|.scss|.web.sass|.sass|.web.css|.css)
  * node_modules\expo-sqlite\web\wa-sqlite\wa-sqlite.wasm
[0m [90m 20 |[39m [36mimport[39m [33mWaSQLiteFactory[39m [36mfrom[39m [32m'./wa-sqlite/wa-sqlite'[39m[33m;[39m
 [90m 21 |[39m [90m// @ts-expect-error wasm module is not typed[39m
[31m[1m>[22m[39m[90m 22 |[39m [36mimport[39m wasmModule [36mfrom[39m [32m'./wa-sqlite/wa-sqlite.wasm'[39m[33m;[39m
 [90m    |[39m                         [31m[1m^[22m[39m
 [90m 23 |[39m [36mimport[39m {
 [90m 24 |[39m   type [33mSQLiteWorkerMessage[39m[33m,[39m
 [90m 25 |[39m   type [33mSQLiteWorkerMessageType[39m[33m,[39m[0m

Import stack:

 node_modules\expo-sqlite\web\worker.ts
 | import "./wa-sqlite/wa-sqlite.wasm"

 node_modules\expo-sqlite\web\SQLiteModule.ts
 | import "./worker"

 node_modules\expo-sqlite\build\ExpoSQLite.web.js
 | import "../web/SQLiteModule"

 node_modules\expo-sqlite\build\SQLiteDatabase.js
 | import "./ExpoSQLite"

 node_modules\expo-sqlite\build\index.js
 | import "./SQLiteDatabase"

 src\data\local\db.ts
 | import "expo-sqlite"

 src\data\local\index.ts
 | import "./db"

 app\_layout.tsx
 | import "@/data/local"

 app (require.context)



Web Bundled 9ms .expo\static-tmp\_error.js (1 module)
Web Bundled 1429ms node_modules\expo-router\entry.js (1 module)
О» Bundling failed 1686ms node_modules\expo\node_modules\@expo\cli\node_modules\@expo\router-server\node\render.js (989 modules)

Metro error: Unable to resolve module ./wa-sqlite/wa-sqlite.wasm from C:\Users\zhw\Documents\ејЂеЏ‘\training-partner-app\node_modules\expo-sqlite\web\worker.ts: 

None of these files exist:
  * node_modules\expo-sqlite\web\wa-sqlite\wa-sqlite.wasm(.web.ts|.ts|.web.tsx|.tsx|.web.js|.js|.web.jsx|.jsx|.web.json|.json|.web.cjs|.cjs|.web.mjs|.mjs|.web.scss|.scss|.web.sass|.sass|.web.css|.css)
  * node_modules\expo-sqlite\web\wa-sqlite\wa-sqlite.wasm
[0m [90m 20 |[39m [36mimport[39m [33mWaSQLiteFactory[39m [36mfrom[39m [32m'./wa-sqlite/wa-sqlite'[39m[33m;[39m
 [90m 21 |[39m [90m// @ts-expect-error wasm module is not typed[39m
[31m[1m>[22m[39m[90m 22 |[39m [36mimport[39m wasmModule [36mfrom[39m [32m'./wa-sqlite/wa-sqlite.wasm'[39m[33m;[39m
 [90m    |[39m                         [31m[1m^[22m[39m
 [90m 23 |[39m [36mimport[39m {
 [90m 24 |[39m   type [33mSQLiteWorkerMessage[39m[33m,[39m
 [90m 25 |[39m   type [33mSQLiteWorkerMessageType[39m[33m,[39m[0m

Import stack:

 node_modules\expo-sqlite\web\worker.ts
 | import "./wa-sqlite/wa-sqlite.wasm"

 node_modules\expo-sqlite\web\SQLiteModule.ts
 | import "./worker"

 node_modules\expo-sqlite\build\ExpoSQLite.web.js
 | import "../web/SQLiteModule"

 node_modules\expo-sqlite\build\SQLiteDatabase.js
 | import "./ExpoSQLite"

 node_modules\expo-sqlite\build\index.js
 | import "./SQLiteDatabase"

 src\data\local\db.ts
 | import "expo-sqlite"

 src\data\local\index.ts
 | import "./db"

 app\workout\summary\[sessionId].tsx
 | import "@/data/local"

 app (require.context)



Web Bundled 82ms .expo\static-tmp\_error.js (1 module)
Web Bundled 1320ms node_modules\expo-router\entry.js (1 module)
О» Bundling failed 2087ms node_modules\expo\node_modules\@expo\cli\node_modules\@expo\router-server\node\render.js (1081 modules)

Metro error: Unable to resolve module ./wa-sqlite/wa-sqlite.wasm from C:\Users\zhw\Documents\ејЂеЏ‘\training-partner-app\node_modules\expo-sqlite\web\worker.ts: 

None of these files exist:
  * node_modules\expo-sqlite\web\wa-sqlite\wa-sqlite.wasm(.web.ts|.ts|.web.tsx|.tsx|.web.js|.js|.web.jsx|.jsx|.web.json|.json|.web.cjs|.cjs|.web.mjs|.mjs|.web.scss|.scss|.web.sass|.sass|.web.css|.css)
  * node_modules\expo-sqlite\web\wa-sqlite\wa-sqlite.wasm
[0m [90m 20 |[39m [36mimport[39m [33mWaSQLiteFactory[39m [36mfrom[39m [32m'./wa-sqlite/wa-sqlite'[39m[33m;[39m
 [90m 21 |[39m [90m// @ts-expect-error wasm module is not typed[39m
[31m[1m>[22m[39m[90m 22 |[39m [36mimport[39m wasmModule [36mfrom[39m [32m'./wa-sqlite/wa-sqlite.wasm'[39m[33m;[39m
 [90m    |[39m                         [31m[1m^[22m[39m
 [90m 23 |[39m [36mimport[39m {
 [90m 24 |[39m   type [33mSQLiteWorkerMessage[39m[33m,[39m
 [90m 25 |[39m   type [33mSQLiteWorkerMessageType[39m[33m,[39m[0m

Import stack:

 node_modules\expo-sqlite\web\worker.ts
 | import "./wa-sqlite/wa-sqlite.wasm"

 node_modules\expo-sqlite\web\SQLiteModule.ts
 | import "./worker"

 node_modules\expo-sqlite\build\ExpoSQLite.web.js
 | import "../web/SQLiteModule"

 node_modules\expo-sqlite\build\SQLiteDatabase.js
 | import "./ExpoSQLite"

 node_modules\expo-sqlite\build\index.js
 | import "./SQLiteDatabase"

 src\data\local\db.ts
 | import "expo-sqlite"

 src\data\local\index.ts
 | import "./db"

 app\workout\summary\[sessionId].tsx
 | import "@/data/local"

 app (require.context)



Web Bundled 95ms .expo\static-tmp\_error.js (1 module)
ЦХЦ№Еъґ¦АнІЩЧчВр(Y/N)? 
